# JRE version: Java(TM) SE Runtime Environment (22.0.2+9) (build 22.0.2+9-70)
# Java VM: Java HotSpot(TM) 64-Bit Server VM (22.0.2+9-70, mixed mode, emulated-client, sharing, tiered, compressed oops, compressed class ptrs, g1 gc, windows-amd64)
GC Precious Log:
 CardTable entry size: 512
 Card Set container configuration: InlinePtr #cards 5 size 8 Array Of Cards #cards 12 size 40 Howl #buckets 4 coarsen threshold 1843 Howl Bitmap #cards 512 size 80 coarsen threshold 460 Card regions per heap region 1 cards per card region 2048
 CPUs: 8 total, 8 available
 Memory: 8073M
 Large Page Support: Disabled
 NUMA Support: Disabled
 Compressed Oops: Enabled (32-bit)
 Heap Region Size: 1M
 Heap Min Capacity: 8M
 Heap Initial Capacity: 128M
 Heap Max Capacity: 2020M
 Pre-touch: Disabled
 Parallel Workers: 8
 Concurrent Workers: 2
 Concurrent Refinement Workers: 8
 Periodic GC: Disabled
Heap:
 garbage-first heap   total reserved 2068480K, committed 167936K, used 93783K [0x0000000081c00000, 0x0000000100000000)
  region size 1024K, 20 young (20480K), 9 survivors (9216K)
 Metaspace       used 100427K, committed 101376K, reserved 1179648K
  class space    used 14553K, committed 14976K, reserved 1048576K
GC Heap History (20 events):
Event: 1496.188 GC heap after
{Heap after GC invocations=59 (full 4):
 garbage-first heap   total reserved 2068480K, committed 167936K, used 73321K [0x0000000081c00000, 0x0000000100000000)
  region size 1024K, 7 young (7168K), 7 survivors (7168K)
 Metaspace       used 96250K, committed 97280K, reserved 1179648K
  class space    used 14142K, committed 14592K, reserved 1048576K
}
Event: 1508.024 GC heap before
{Heap before GC invocations=60 (full 4):
 garbage-first heap   total reserved 2068480K, committed 167936K, used 149097K [0x0000000081c00000, 0x0000000100000000)
  region size 1024K, 81 young (82944K), 7 survivors (7168K)
 Metaspace       used 96853K, committed 97856K, reserved 1179648K
  class space    used 14215K, committed 14656K, reserved 1048576K
}
Event: 1508.033 GC heap after
{Heap after GC invocations=61 (full 4):
 garbage-first heap   total reserved 2068480K, committed 167936K, used 77371K [0x0000000081c00000, 0x0000000100000000)
  region size 1024K, 5 young (5120K), 5 survivors (5120K)
 Metaspace       used 96853K, committed 97856K, reserved 1179648K
  class space    used 14215K, committed 14656K, reserved 1048576K
}
Event: 1534.508 GC heap before
{Heap before GC invocations=61 (full 4):
 garbage-first heap   total reserved 2068480K, committed 167936K, used 150075K [0x0000000081c00000, 0x0000000100000000)
  region size 1024K, 76 young (77824K), 5 survivors (5120K)
 Metaspace       used 97484K, committed 98496K, reserved 1179648K
  class space    used 14266K, committed 14720K, reserved 1048576K
}
Event: 1534.514 GC heap after
{Heap after GC invocations=62 (full 4):
 garbage-first heap   total reserved 2068480K, committed 167936K, used 82298K [0x0000000081c00000, 0x0000000100000000)
  region size 1024K, 9 young (9216K), 9 survivors (9216K)
 Metaspace       used 97484K, committed 98496K, reserved 1179648K
  class space    used 14266K, committed 14720K, reserved 1048576K
}
Event: 1541.210 GC heap before
{Heap before GC invocations=62 (full 4):
 garbage-first heap   total reserved 2068480K, committed 167936K, used 86394K [0x0000000081c00000, 0x0000000100000000)
  region size 1024K, 14 young (14336K), 9 survivors (9216K)
 Metaspace       used 97487K, committed 98496K, reserved 1179648K
  class space    used 14267K, committed 14720K, reserved 1048576K
}
Event: 1541.287 GC heap after
{Heap after GC invocations=63 (full 5):
 garbage-first heap   total reserved 2068480K, committed 167936K, used 59863K [0x0000000081c00000, 0x0000000100000000)
  region size 1024K, 0 young (0K), 0 survivors (0K)
 Metaspace       used 97156K, committed 98496K, reserved 1179648K
  class space    used 14187K, committed 14720K, reserved 1048576K
}
Event: 1541.935 GC heap before
{Heap before GC invocations=63 (full 5):
 garbage-first heap   total reserved 2068480K, committed 167936K, used 142807K [0x0000000081c00000, 0x0000000100000000)
  region size 1024K, 82 young (83968K), 0 survivors (0K)
 Metaspace       used 97537K, committed 98560K, reserved 1179648K
  class space    used 14232K, committed 14720K, reserved 1048576K
}
Event: 1541.941 GC heap after
{Heap after GC invocations=64 (full 5):
 garbage-first heap   total reserved 2068480K, committed 167936K, used 67500K [0x0000000081c00000, 0x0000000100000000)
  region size 1024K, 8 young (8192K), 8 survivors (8192K)
 Metaspace       used 97537K, committed 98560K, reserved 1179648K
  class space    used 14232K, committed 14720K, reserved 1048576K
}
Event: 1550.978 GC heap before
{Heap before GC invocations=65 (full 5):
 garbage-first heap   total reserved 2068480K, committed 167936K, used 148396K [0x0000000081c00000, 0x0000000100000000)
  region size 1024K, 86 young (88064K), 8 survivors (8192K)
 Metaspace       used 98159K, committed 99136K, reserved 1179648K
  class space    used 14319K, committed 14784K, reserved 1048576K
}
Event: 1550.987 GC heap after
{Heap after GC invocations=66 (full 5):
 garbage-first heap   total reserved 2068480K, committed 167936K, used 71691K [0x0000000081c00000, 0x0000000100000000)
  region size 1024K, 6 young (6144K), 6 survivors (6144K)
 Metaspace       used 98159K, committed 99136K, reserved 1179648K
  class space    used 14319K, committed 14784K, reserved 1048576K
}
Event: 1557.159 GC heap before
{Heap before GC invocations=66 (full 5):
 garbage-first heap   total reserved 2068480K, committed 167936K, used 136203K [0x0000000081c00000, 0x0000000100000000)
  region size 1024K, 70 young (71680K), 6 survivors (6144K)
 Metaspace       used 98795K, committed 99712K, reserved 1179648K
  class space    used 14371K, committed 14784K, reserved 1048576K
}
Event: 1557.295 GC heap after
{Heap after GC invocations=67 (full 6):
 garbage-first heap   total reserved 2068480K, committed 167936K, used 67639K [0x0000000081c00000, 0x0000000100000000)
  region size 1024K, 0 young (0K), 0 survivors (0K)
 Metaspace       used 98795K, committed 99712K, reserved 1179648K
  class space    used 14371K, committed 14784K, reserved 1048576K
}
Event: 1558.860 GC heap before
{Heap before GC invocations=67 (full 6):
 garbage-first heap   total reserved 2068480K, committed 167936K, used 148535K [0x0000000081c00000, 0x0000000100000000)
  region size 1024K, 80 young (81920K), 0 survivors (0K)
 Metaspace       used 99183K, committed 100032K, reserved 1179648K
  class space    used 14424K, committed 14784K, reserved 1048576K
}
Event: 1558.867 GC heap after
{Heap after GC invocations=68 (full 6):
 garbage-first heap   total reserved 2068480K, committed 167936K, used 74304K [0x0000000081c00000, 0x0000000100000000)
  region size 1024K, 7 young (7168K), 7 survivors (7168K)
 Metaspace       used 99183K, committed 100032K, reserved 1179648K
  class space    used 14424K, committed 14784K, reserved 1048576K
}
Event: 1572.004 GC heap before
{Heap before GC invocations=69 (full 6):
 garbage-first heap   total reserved 2068480K, committed 167936K, used 150080K [0x0000000081c00000, 0x0000000100000000)
  region size 1024K, 80 young (81920K), 7 survivors (7168K)
 Metaspace       used 99779K, committed 100672K, reserved 1179648K
  class space    used 14495K, committed 14912K, reserved 1048576K
}
Event: 1572.012 GC heap after
{Heap after GC invocations=70 (full 6):
 garbage-first heap   total reserved 2068480K, committed 167936K, used 78233K [0x0000000081c00000, 0x0000000100000000)
  region size 1024K, 5 young (5120K), 5 survivors (5120K)
 Metaspace       used 99779K, committed 100672K, reserved 1179648K
  class space    used 14495K, committed 14912K, reserved 1048576K
}
Event: 1587.092 GC heap before
{Heap before GC invocations=70 (full 6):
 garbage-first heap   total reserved 2068480K, committed 167936K, used 149913K [0x0000000081c00000, 0x0000000100000000)
  region size 1024K, 75 young (76800K), 5 survivors (5120K)
 Metaspace       used 100424K, committed 101376K, reserved 1179648K
  class space    used 14552K, committed 14976K, reserved 1048576K
}
Event: 1587.099 GC heap after
{Heap after GC invocations=71 (full 6):
 garbage-first heap   total reserved 2068480K, committed 167936K, used 83543K [0x0000000081c00000, 0x0000000100000000)
  region size 1024K, 9 young (9216K), 9 survivors (9216K)
 Metaspace       used 100424K, committed 101376K, reserved 1179648K
  class space    used 14552K, committed 14976K, reserved 1048576K
}
Event: 1622.988 GC heap before
{Heap before GC invocations=71 (full 6):
 garbage-first heap   total reserved 2068480K, committed 167936K, used 93783K [0x0000000081c00000, 0x0000000100000000)
  region size 1024K, 20 young (20480K), 9 survivors (9216K)
 Metaspace       used 100427K, committed 101376K, reserved 1179648K
  class space    used 14553K, committed 14976K, reserved 1048576K
}

