# JRE version: OpenJDK Runtime Environment Temurin-21.0.8+9 (21.0.8+9) (build 21.0.8+9-LTS)
# Java VM: OpenJDK 64-Bit Server VM Temurin-21.0.8+9 (21.0.8+9-LTS, mixed mode, sharing, tiered, compressed oops, compressed class ptrs, parallel gc, windows-amd64)
GC Precious Log:
 CardTable entry size: 512
 CPUs: 8 total, 8 available
 Memory: 8073M
 Large Page Support: Disabled
 NUMA Support: Disabled
 Compressed Oops: Enabled (32-bit)
 Alignments: Space 512K, Generation 512K, Heap 2M
 Heap Min Capacity: 100M
 Heap Initial Capacity: 100M
 Heap Max Capacity: 2G
 Pre-touch: Disabled
 Parallel Workers: 8
Heap:
 PSYoungGen      total 6656K, used 6277K [0x00000000d5580000, 0x00000000d5d80000, 0x0000000100000000)
  eden space 5632K, 97% used [0x00000000d5580000,0x00000000d5adc420,0x00000000d5b00000)
  from space 1024K, 77% used [0x00000000d5c80000,0x00000000d5d45200,0x00000000d5d80000)
  to   space 1024K, 0% used [0x00000000d5b80000,0x00000000d5b80000,0x00000000d5c80000)
 ParOldGen       total 1289728K, used 1289674K [0x0000000080000000, 0x00000000ceb80000, 0x00000000d5580000)
  object space 1289728K, 99% used [0x0000000080000000,0x00000000ceb72a28,0x00000000ceb80000)
 Metaspace       used 76642K, committed 78080K, reserved 1179648K
  class space    used 7785K, committed 8448K, reserved 1048576K
GC Heap History (20 events):
Event: 2632.449 GC heap before
{Heap before GC invocations=939 (full 4):
 PSYoungGen      total 8192K, used 7904K [0x00000000d5580000, 0x00000000d6400000, 0x0000000100000000)
  eden space 4096K, 100% used [0x00000000d5580000,0x00000000d5980000,0x00000000d5980000)
  from space 4096K, 92% used [0x00000000d6000000,0x00000000d63b8000,0x00000000d6400000)
  to   space 4608K, 0% used [0x00000000d5b00000,0x00000000d5b00000,0x00000000d5f80000)
 ParOldGen       total 1274368K, used 1274074K [0x0000000080000000, 0x00000000cdc80000, 0x00000000d5580000)
  object space 1274368K, 99% used [0x0000000080000000,0x00000000cdc36b20,0x00000000cdc80000)
 Metaspace       used 76537K, committed 78016K, reserved 1179648K
  class space    used 7784K, committed 8448K, reserved 1048576K
}
Event: 2632.456 GC heap after
{Heap after GC invocations=939 (full 4):
 PSYoungGen      total 9216K, used 3616K [0x00000000d5580000, 0x00000000d6280000, 0x0000000100000000)
  eden space 5120K, 0% used [0x00000000d5580000,0x00000000d5580000,0x00000000d5a80000)
  from space 4096K, 88% used [0x00000000d5b00000,0x00000000d5e88000,0x00000000d5f00000)
  to   space 3584K, 0% used [0x00000000d5f00000,0x00000000d5f00000,0x00000000d6280000)
 ParOldGen       total 1277952K, used 1277778K [0x0000000080000000, 0x00000000ce000000, 0x00000000d5580000)
  object space 1277952K, 99% used [0x0000000080000000,0x00000000cdfd4b20,0x00000000ce000000)
 Metaspace       used 76537K, committed 78016K, reserved 1179648K
  class space    used 7784K, committed 8448K, reserved 1048576K
}
Event: 2632.506 GC heap before
{Heap before GC invocations=940 (full 4):
 PSYoungGen      total 9216K, used 8736K [0x00000000d5580000, 0x00000000d6280000, 0x0000000100000000)
  eden space 5120K, 100% used [0x00000000d5580000,0x00000000d5a80000,0x00000000d5a80000)
  from space 4096K, 88% used [0x00000000d5b00000,0x00000000d5e88000,0x00000000d5f00000)
  to   space 3584K, 0% used [0x00000000d5f00000,0x00000000d5f00000,0x00000000d6280000)
 ParOldGen       total 1277952K, used 1277778K [0x0000000080000000, 0x00000000ce000000, 0x00000000d5580000)
  object space 1277952K, 99% used [0x0000000080000000,0x00000000cdfd4b20,0x00000000ce000000)
 Metaspace       used 76537K, committed 78016K, reserved 1179648K
  class space    used 7784K, committed 8448K, reserved 1048576K
}
Event: 2632.516 GC heap after
{Heap after GC invocations=940 (full 4):
 PSYoungGen      total 9216K, used 3568K [0x00000000d5580000, 0x00000000d6380000, 0x0000000100000000)
  eden space 5632K, 0% used [0x00000000d5580000,0x00000000d5580000,0x00000000d5b00000)
  from space 3584K, 99% used [0x00000000d5f00000,0x00000000d627c000,0x00000000d6280000)
  to   space 4096K, 0% used [0x00000000d5b00000,0x00000000d5b00000,0x00000000d5f00000)
 ParOldGen       total 1281536K, used 1281314K [0x0000000080000000, 0x00000000ce380000, 0x00000000d5580000)
  object space 1281536K, 99% used [0x0000000080000000,0x00000000ce348b20,0x00000000ce380000)
 Metaspace       used 76537K, committed 78016K, reserved 1179648K
  class space    used 7784K, committed 8448K, reserved 1048576K
}
Event: 2634.628 GC heap before
{Heap before GC invocations=941 (full 4):
 PSYoungGen      total 9216K, used 9200K [0x00000000d5580000, 0x00000000d6380000, 0x0000000100000000)
  eden space 5632K, 100% used [0x00000000d5580000,0x00000000d5b00000,0x00000000d5b00000)
  from space 3584K, 99% used [0x00000000d5f00000,0x00000000d627c000,0x00000000d6280000)
  to   space 4096K, 0% used [0x00000000d5b00000,0x00000000d5b00000,0x00000000d5f00000)
 ParOldGen       total 1281536K, used 1281314K [0x0000000080000000, 0x00000000ce380000, 0x00000000d5580000)
  object space 1281536K, 99% used [0x0000000080000000,0x00000000ce348b20,0x00000000ce380000)
 Metaspace       used 76546K, committed 78016K, reserved 1179648K
  class space    used 7784K, committed 8448K, reserved 1048576K
}
Event: 2634.637 GC heap after
{Heap after GC invocations=941 (full 4):
 PSYoungGen      total 8192K, used 2436K [0x00000000d5580000, 0x00000000d6100000, 0x0000000100000000)
  eden space 5632K, 0% used [0x00000000d5580000,0x00000000d5580000,0x00000000d5b00000)
  from space 2560K, 95% used [0x00000000d5b00000,0x00000000d5d61210,0x00000000d5d80000)
  to   space 3072K, 0% used [0x00000000d5e00000,0x00000000d5e00000,0x00000000d6100000)
 ParOldGen       total 1284096K, used 1284002K [0x0000000080000000, 0x00000000ce600000, 0x00000000d5580000)
  object space 1284096K, 99% used [0x0000000080000000,0x00000000ce5e8b20,0x00000000ce600000)
 Metaspace       used 76546K, committed 78016K, reserved 1179648K
  class space    used 7784K, committed 8448K, reserved 1048576K
}
Event: 2634.660 GC heap before
{Heap before GC invocations=942 (full 4):
 PSYoungGen      total 8192K, used 8068K [0x00000000d5580000, 0x00000000d6100000, 0x0000000100000000)
  eden space 5632K, 100% used [0x00000000d5580000,0x00000000d5b00000,0x00000000d5b00000)
  from space 2560K, 95% used [0x00000000d5b00000,0x00000000d5d61210,0x00000000d5d80000)
  to   space 3072K, 0% used [0x00000000d5e00000,0x00000000d5e00000,0x00000000d6100000)
 ParOldGen       total 1284096K, used 1284002K [0x0000000080000000, 0x00000000ce600000, 0x00000000d5580000)
  object space 1284096K, 99% used [0x0000000080000000,0x00000000ce5e8b20,0x00000000ce600000)
 Metaspace       used 76547K, committed 78016K, reserved 1179648K
  class space    used 7784K, committed 8448K, reserved 1048576K
}
Event: 2634.667 GC heap after
{Heap after GC invocations=942 (full 4):
 PSYoungGen      total 6144K, used 448K [0x00000000d5580000, 0x00000000d5e80000, 0x0000000100000000)
  eden space 5632K, 0% used [0x00000000d5580000,0x00000000d5580000,0x00000000d5b00000)
  from space 512K, 87% used [0x00000000d5e00000,0x00000000d5e70000,0x00000000d5e80000)
  to   space 1536K, 0% used [0x00000000d5b80000,0x00000000d5b80000,0x00000000d5d00000)
 ParOldGen       total 1286656K, used 1286374K [0x0000000080000000, 0x00000000ce880000, 0x00000000d5580000)
  object space 1286656K, 99% used [0x0000000080000000,0x00000000ce839930,0x00000000ce880000)
 Metaspace       used 76547K, committed 78016K, reserved 1179648K
  class space    used 7784K, committed 8448K, reserved 1048576K
}
Event: 2634.858 GC heap before
{Heap before GC invocations=943 (full 4):
 PSYoungGen      total 6144K, used 6080K [0x00000000d5580000, 0x00000000d5e80000, 0x0000000100000000)
  eden space 5632K, 100% used [0x00000000d5580000,0x00000000d5b00000,0x00000000d5b00000)
  from space 512K, 87% used [0x00000000d5e00000,0x00000000d5e70000,0x00000000d5e80000)
  to   space 1536K, 0% used [0x00000000d5b80000,0x00000000d5b80000,0x00000000d5d00000)
 ParOldGen       total 1286656K, used 1286374K [0x0000000080000000, 0x00000000ce880000, 0x00000000d5580000)
  object space 1286656K, 99% used [0x0000000080000000,0x00000000ce839930,0x00000000ce880000)
 Metaspace       used 76574K, committed 78016K, reserved 1179648K
  class space    used 7784K, committed 8448K, reserved 1048576K
}
Event: 2634.872 GC heap after
{Heap after GC invocations=943 (full 4):
 PSYoungGen      total 7168K, used 832K [0x00000000d5580000, 0x00000000d5e80000, 0x0000000100000000)
  eden space 5632K, 0% used [0x00000000d5580000,0x00000000d5580000,0x00000000d5b00000)
  from space 1536K, 54% used [0x00000000d5b80000,0x00000000d5c50000,0x00000000d5d00000)
  to   space 1024K, 0% used [0x00000000d5d80000,0x00000000d5d80000,0x00000000d5e80000)
 ParOldGen       total 1287168K, used 1286798K [0x0000000080000000, 0x00000000ce900000, 0x00000000d5580000)
  object space 1287168K, 99% used [0x0000000080000000,0x00000000ce8a3950,0x00000000ce900000)
 Metaspace       used 76574K, committed 78016K, reserved 1179648K
  class space    used 7784K, committed 8448K, reserved 1048576K
}
Event: 2634.920 GC heap before
{Heap before GC invocations=944 (full 4):
 PSYoungGen      total 7168K, used 6464K [0x00000000d5580000, 0x00000000d5e80000, 0x0000000100000000)
  eden space 5632K, 100% used [0x00000000d5580000,0x00000000d5b00000,0x00000000d5b00000)
  from space 1536K, 54% used [0x00000000d5b80000,0x00000000d5c50000,0x00000000d5d00000)
  to   space 1024K, 0% used [0x00000000d5d80000,0x00000000d5d80000,0x00000000d5e80000)
 ParOldGen       total 1287168K, used 1286798K [0x0000000080000000, 0x00000000ce900000, 0x00000000d5580000)
  object space 1287168K, 99% used [0x0000000080000000,0x00000000ce8a3950,0x00000000ce900000)
 Metaspace       used 76577K, committed 78080K, reserved 1179648K
  class space    used 7785K, committed 8448K, reserved 1048576K
}
Event: 2634.925 GC heap after
{Heap after GC invocations=944 (full 4):
 PSYoungGen      total 6656K, used 692K [0x00000000d5580000, 0x00000000d5e80000, 0x0000000100000000)
  eden space 5632K, 0% used [0x00000000d5580000,0x00000000d5580000,0x00000000d5b00000)
  from space 1024K, 67% used [0x00000000d5d80000,0x00000000d5e2d200,0x00000000d5e80000)
  to   space 1024K, 0% used [0x00000000d5c80000,0x00000000d5c80000,0x00000000d5d80000)
 ParOldGen       total 1287680K, used 1287456K [0x0000000080000000, 0x00000000ce980000, 0x00000000d5580000)
  object space 1287680K, 99% used [0x0000000080000000,0x00000000ce9480e0,0x00000000ce980000)
 Metaspace       used 76577K, committed 78080K, reserved 1179648K
  class space    used 7785K, committed 8448K, reserved 1048576K
}
Event: 2634.947 GC heap before
{Heap before GC invocations=945 (full 4):
 PSYoungGen      total 6656K, used 6324K [0x00000000d5580000, 0x00000000d5e80000, 0x0000000100000000)
  eden space 5632K, 100% used [0x00000000d5580000,0x00000000d5b00000,0x00000000d5b00000)
  from space 1024K, 67% used [0x00000000d5d80000,0x00000000d5e2d200,0x00000000d5e80000)
  to   space 1024K, 0% used [0x00000000d5c80000,0x00000000d5c80000,0x00000000d5d80000)
 ParOldGen       total 1287680K, used 1287456K [0x0000000080000000, 0x00000000ce980000, 0x00000000d5580000)
  object space 1287680K, 99% used [0x0000000080000000,0x00000000ce9480e0,0x00000000ce980000)
 Metaspace       used 76582K, committed 78080K, reserved 1179648K
  class space    used 7785K, committed 8448K, reserved 1048576K
}
Event: 2634.951 GC heap after
{Heap after GC invocations=945 (full 4):
 PSYoungGen      total 6144K, used 448K [0x00000000d5580000, 0x00000000d5e00000, 0x0000000100000000)
  eden space 5632K, 0% used [0x00000000d5580000,0x00000000d5580000,0x00000000d5b00000)
  from space 512K, 87% used [0x00000000d5c80000,0x00000000d5cf0000,0x00000000d5d00000)
  to   space 1024K, 0% used [0x00000000d5d00000,0x00000000d5d00000,0x00000000d5e00000)
 ParOldGen       total 1288192K, used 1288016K [0x0000000080000000, 0x00000000cea00000, 0x00000000d5580000)
  object space 1288192K, 99% used [0x0000000080000000,0x00000000ce9d4188,0x00000000cea00000)
 Metaspace       used 76582K, committed 78080K, reserved 1179648K
  class space    used 7785K, committed 8448K, reserved 1048576K
}
Event: 2635.170 GC heap before
{Heap before GC invocations=946 (full 4):
 PSYoungGen      total 6144K, used 6080K [0x00000000d5580000, 0x00000000d5e00000, 0x0000000100000000)
  eden space 5632K, 100% used [0x00000000d5580000,0x00000000d5b00000,0x00000000d5b00000)
  from space 512K, 87% used [0x00000000d5c80000,0x00000000d5cf0000,0x00000000d5d00000)
  to   space 1024K, 0% used [0x00000000d5d00000,0x00000000d5d00000,0x00000000d5e00000)
 ParOldGen       total 1288192K, used 1288016K [0x0000000080000000, 0x00000000cea00000, 0x00000000d5580000)
  object space 1288192K, 99% used [0x0000000080000000,0x00000000ce9d4188,0x00000000cea00000)
 Metaspace       used 76596K, committed 78080K, reserved 1179648K
  class space    used 7785K, committed 8448K, reserved 1048576K
}
Event: 2635.176 GC heap after
{Heap after GC invocations=946 (full 4):
 PSYoungGen      total 6656K, used 980K [0x00000000d5580000, 0x00000000d5e00000, 0x0000000100000000)
  eden space 5632K, 0% used [0x00000000d5580000,0x00000000d5580000,0x00000000d5b00000)
  from space 1024K, 95% used [0x00000000d5d00000,0x00000000d5df5200,0x00000000d5e00000)
  to   space 1536K, 0% used [0x00000000d5b00000,0x00000000d5b00000,0x00000000d5c80000)
 ParOldGen       total 1288704K, used 1288392K [0x0000000080000000, 0x00000000cea80000, 0x00000000d5580000)
  object space 1288704K, 99% used [0x0000000080000000,0x00000000cea32188,0x00000000cea80000)
 Metaspace       used 76596K, committed 78080K, reserved 1179648K
  class space    used 7785K, committed 8448K, reserved 1048576K
}
Event: 2635.211 GC heap before
{Heap before GC invocations=947 (full 4):
 PSYoungGen      total 6656K, used 6612K [0x00000000d5580000, 0x00000000d5e00000, 0x0000000100000000)
  eden space 5632K, 100% used [0x00000000d5580000,0x00000000d5b00000,0x00000000d5b00000)
  from space 1024K, 95% used [0x00000000d5d00000,0x00000000d5df5200,0x00000000d5e00000)
  to   space 1536K, 0% used [0x00000000d5b00000,0x00000000d5b00000,0x00000000d5c80000)
 ParOldGen       total 1288704K, used 1288392K [0x0000000080000000, 0x00000000cea80000, 0x00000000d5580000)
  object space 1288704K, 99% used [0x0000000080000000,0x00000000cea32188,0x00000000cea80000)
 Metaspace       used 76607K, committed 78080K, reserved 1179648K
  class space    used 7785K, committed 8448K, reserved 1048576K
}
Event: 2635.217 GC heap after
{Heap after GC invocations=947 (full 4):
 PSYoungGen      total 7168K, used 512K [0x00000000d5580000, 0x00000000d5d80000, 0x0000000100000000)
  eden space 5632K, 0% used [0x00000000d5580000,0x00000000d5580000,0x00000000d5b00000)
  from space 1536K, 33% used [0x00000000d5b00000,0x00000000d5b80000,0x00000000d5c80000)
  to   space 1024K, 0% used [0x00000000d5c80000,0x00000000d5c80000,0x00000000d5d80000)
 ParOldGen       total 1289728K, used 1289234K [0x0000000080000000, 0x00000000ceb80000, 0x00000000d5580000)
  object space 1289728K, 99% used [0x0000000080000000,0x00000000ceb04a28,0x00000000ceb80000)
 Metaspace       used 76607K, committed 78080K, reserved 1179648K
  class space    used 7785K, committed 8448K, reserved 1048576K
}
Event: 2635.255 GC heap before
{Heap before GC invocations=948 (full 4):
 PSYoungGen      total 7168K, used 6144K [0x00000000d5580000, 0x00000000d5d80000, 0x0000000100000000)
  eden space 5632K, 100% used [0x00000000d5580000,0x00000000d5b00000,0x00000000d5b00000)
  from space 1536K, 33% used [0x00000000d5b00000,0x00000000d5b80000,0x00000000d5c80000)
  to   space 1024K, 0% used [0x00000000d5c80000,0x00000000d5c80000,0x00000000d5d80000)
 ParOldGen       total 1289728K, used 1289234K [0x0000000080000000, 0x00000000ceb80000, 0x00000000d5580000)
  object space 1289728K, 99% used [0x0000000080000000,0x00000000ceb04a28,0x00000000ceb80000)
 Metaspace       used 76615K, committed 78080K, reserved 1179648K
  class space    used 7785K, committed 8448K, reserved 1048576K
}
Event: 2635.260 GC heap after
{Heap after GC invocations=948 (full 4):
 PSYoungGen      total 6656K, used 788K [0x00000000d5580000, 0x00000000d5d80000, 0x0000000100000000)
  eden space 5632K, 0% used [0x00000000d5580000,0x00000000d5580000,0x00000000d5b00000)
  from space 1024K, 77% used [0x00000000d5c80000,0x00000000d5d45200,0x00000000d5d80000)
  to   space 1024K, 0% used [0x00000000d5b80000,0x00000000d5b80000,0x00000000d5c80000)
 ParOldGen       total 1289728K, used 1289674K [0x0000000080000000, 0x00000000ceb80000, 0x00000000d5580000)
  object space 1289728K, 99% used [0x0000000080000000,0x00000000ceb72a28,0x00000000ceb80000)
 Metaspace       used 76615K, committed 78080K, reserved 1179648K
  class space    used 7785K, committed 8448K, reserved 1048576K
}

