# JRE version: OpenJDK Runtime Environment Temurin-21.0.8+9 (21.0.8+9) (build 21.0.8+9-LTS)
# Java VM: OpenJDK 64-Bit Server VM Temurin-21.0.8+9 (21.0.8+9-LTS, mixed mode, sharing, tiered, compressed oops, compressed class ptrs, parallel gc, windows-amd64)
GC Precious Log:
 CardTable entry size: 512
 CPUs: 8 total, 8 available
 Memory: 8073M
 Large Page Support: Disabled
 NUMA Support: Disabled
 Compressed Oops: Enabled (32-bit)
 Alignments: Space 512K, Generation 512K, Heap 2M
 Heap Min Capacity: 100M
 Heap Initial Capacity: 100M
 Heap Max Capacity: 2G
 Pre-touch: Disabled
 Parallel Workers: 8
Heap:
 PSYoungGen      total 3584K, used 3386K [0x00000000d5580000, 0x00000000d5a00000, 0x0000000100000000)
  eden space 3072K, 100% used [0x00000000d5580000,0x00000000d5880000,0x00000000d5880000)
  from space 512K, 61% used [0x00000000d5980000,0x00000000d59ce900,0x00000000d5a00000)
  to   space 512K, 68% used [0x00000000d5880000,0x00000000d58d8000,0x00000000d5900000)
 ParOldGen       total 502272K, used 502270K [0x0000000080000000, 0x000000009ea80000, 0x00000000d5580000)
  object space 502272K, 99% used [0x0000000080000000,0x000000009ea7fb70,0x000000009ea80000)
 Metaspace       used 71245K, committed 72832K, reserved 1114112K
  class space    used 7164K, committed 7872K, reserved 1048576K
GC Heap History (20 events):
Event: 767.743 GC heap after
{Heap after GC invocations=594 (full 4):
 PSYoungGen      total 3584K, used 288K [0x00000000d5580000, 0x00000000d5980000, 0x0000000100000000)
  eden space 3072K, 0% used [0x00000000d5580000,0x00000000d5580000,0x00000000d5880000)
  from space 512K, 56% used [0x00000000d5900000,0x00000000d5948000,0x00000000d5980000)
  to   space 512K, 0% used [0x00000000d5880000,0x00000000d5880000,0x00000000d5900000)
 ParOldGen       total 502272K, used 499422K [0x0000000080000000, 0x000000009ea80000, 0x00000000d5580000)
  object space 502272K, 99% used [0x0000000080000000,0x000000009e7b7988,0x000000009ea80000)
 Metaspace       used 71227K, committed 72832K, reserved 1114112K
  class space    used 7163K, committed 7872K, reserved 1048576K
}
Event: 767.802 GC heap before
{Heap before GC invocations=595 (full 4):
 PSYoungGen      total 3584K, used 3360K [0x00000000d5580000, 0x00000000d5980000, 0x0000000100000000)
  eden space 3072K, 100% used [0x00000000d5580000,0x00000000d5880000,0x00000000d5880000)
  from space 512K, 56% used [0x00000000d5900000,0x00000000d5948000,0x00000000d5980000)
  to   space 512K, 0% used [0x00000000d5880000,0x00000000d5880000,0x00000000d5900000)
 ParOldGen       total 502272K, used 499422K [0x0000000080000000, 0x000000009ea80000, 0x00000000d5580000)
  object space 502272K, 99% used [0x0000000080000000,0x000000009e7b7988,0x000000009ea80000)
 Metaspace       used 71229K, committed 72832K, reserved 1114112K
  class space    used 7163K, committed 7872K, reserved 1048576K
}
Event: 767.805 GC heap after
{Heap after GC invocations=595 (full 4):
 PSYoungGen      total 3584K, used 480K [0x00000000d5580000, 0x00000000d5a80000, 0x0000000100000000)
  eden space 3072K, 0% used [0x00000000d5580000,0x00000000d5580000,0x00000000d5880000)
  from space 512K, 93% used [0x00000000d5880000,0x00000000d58f8020,0x00000000d5900000)
  to   space 1024K, 0% used [0x00000000d5980000,0x00000000d5980000,0x00000000d5a80000)
 ParOldGen       total 502272K, used 499566K [0x0000000080000000, 0x000000009ea80000, 0x00000000d5580000)
  object space 502272K, 99% used [0x0000000080000000,0x000000009e7db988,0x000000009ea80000)
 Metaspace       used 71229K, committed 72832K, reserved 1114112K
  class space    used 7163K, committed 7872K, reserved 1048576K
}
Event: 768.326 GC heap before
{Heap before GC invocations=596 (full 4):
 PSYoungGen      total 3584K, used 3552K [0x00000000d5580000, 0x00000000d5a80000, 0x0000000100000000)
  eden space 3072K, 100% used [0x00000000d5580000,0x00000000d5880000,0x00000000d5880000)
  from space 512K, 93% used [0x00000000d5880000,0x00000000d58f8020,0x00000000d5900000)
  to   space 1024K, 0% used [0x00000000d5980000,0x00000000d5980000,0x00000000d5a80000)
 ParOldGen       total 502272K, used 499566K [0x0000000080000000, 0x000000009ea80000, 0x00000000d5580000)
  object space 502272K, 99% used [0x0000000080000000,0x000000009e7db988,0x000000009ea80000)
 Metaspace       used 71231K, committed 72832K, reserved 1114112K
  class space    used 7164K, committed 7872K, reserved 1048576K
}
Event: 768.329 GC heap after
{Heap after GC invocations=596 (full 4):
 PSYoungGen      total 3584K, used 298K [0x00000000d5580000, 0x00000000d5a00000, 0x0000000100000000)
  eden space 3072K, 0% used [0x00000000d5580000,0x00000000d5580000,0x00000000d5880000)
  from space 512K, 58% used [0x00000000d5980000,0x00000000d59ca910,0x00000000d5a00000)
  to   space 512K, 0% used [0x00000000d5880000,0x00000000d5880000,0x00000000d5900000)
 ParOldGen       total 502272K, used 499950K [0x0000000080000000, 0x000000009ea80000, 0x00000000d5580000)
  object space 502272K, 99% used [0x0000000080000000,0x000000009e83b9c8,0x000000009ea80000)
 Metaspace       used 71231K, committed 72832K, reserved 1114112K
  class space    used 7164K, committed 7872K, reserved 1048576K
}
Event: 768.341 GC heap before
{Heap before GC invocations=597 (full 4):
 PSYoungGen      total 3584K, used 3370K [0x00000000d5580000, 0x00000000d5a00000, 0x0000000100000000)
  eden space 3072K, 100% used [0x00000000d5580000,0x00000000d5880000,0x00000000d5880000)
  from space 512K, 58% used [0x00000000d5980000,0x00000000d59ca910,0x00000000d5a00000)
  to   space 512K, 0% used [0x00000000d5880000,0x00000000d5880000,0x00000000d5900000)
 ParOldGen       total 502272K, used 499950K [0x0000000080000000, 0x000000009ea80000, 0x00000000d5580000)
  object space 502272K, 99% used [0x0000000080000000,0x000000009e83b9c8,0x000000009ea80000)
 Metaspace       used 71234K, committed 72832K, reserved 1114112K
  class space    used 7164K, committed 7872K, reserved 1048576K
}
Event: 768.343 GC heap after
{Heap after GC invocations=597 (full 4):
 PSYoungGen      total 3584K, used 352K [0x00000000d5580000, 0x00000000d5a00000, 0x0000000100000000)
  eden space 3072K, 0% used [0x00000000d5580000,0x00000000d5580000,0x00000000d5880000)
  from space 512K, 68% used [0x00000000d5880000,0x00000000d58d8000,0x00000000d5900000)
  to   space 512K, 0% used [0x00000000d5980000,0x00000000d5980000,0x00000000d5a00000)
 ParOldGen       total 502272K, used 500202K [0x0000000080000000, 0x000000009ea80000, 0x00000000d5580000)
  object space 502272K, 99% used [0x0000000080000000,0x000000009e87abd8,0x000000009ea80000)
 Metaspace       used 71234K, committed 72832K, reserved 1114112K
  class space    used 7164K, committed 7872K, reserved 1048576K
}
Event: 768.367 GC heap before
{Heap before GC invocations=598 (full 4):
 PSYoungGen      total 3584K, used 3424K [0x00000000d5580000, 0x00000000d5a00000, 0x0000000100000000)
  eden space 3072K, 100% used [0x00000000d5580000,0x00000000d5880000,0x00000000d5880000)
  from space 512K, 68% used [0x00000000d5880000,0x00000000d58d8000,0x00000000d5900000)
  to   space 512K, 0% used [0x00000000d5980000,0x00000000d5980000,0x00000000d5a00000)
 ParOldGen       total 502272K, used 500202K [0x0000000080000000, 0x000000009ea80000, 0x00000000d5580000)
  object space 502272K, 99% used [0x0000000080000000,0x000000009e87abd8,0x000000009ea80000)
 Metaspace       used 71237K, committed 72832K, reserved 1114112K
  class space    used 7164K, committed 7872K, reserved 1048576K
}
Event: 768.369 GC heap after
{Heap after GC invocations=598 (full 4):
 PSYoungGen      total 3584K, used 352K [0x00000000d5580000, 0x00000000d5a00000, 0x0000000100000000)
  eden space 3072K, 0% used [0x00000000d5580000,0x00000000d5580000,0x00000000d5880000)
  from space 512K, 68% used [0x00000000d5980000,0x00000000d59d8000,0x00000000d5a00000)
  to   space 512K, 0% used [0x00000000d5880000,0x00000000d5880000,0x00000000d5900000)
 ParOldGen       total 502272K, used 500490K [0x0000000080000000, 0x000000009ea80000, 0x00000000d5580000)
  object space 502272K, 99% used [0x0000000080000000,0x000000009e8c2bf8,0x000000009ea80000)
 Metaspace       used 71237K, committed 72832K, reserved 1114112K
  class space    used 7164K, committed 7872K, reserved 1048576K
}
Event: 768.407 GC heap before
{Heap before GC invocations=599 (full 4):
 PSYoungGen      total 3584K, used 3424K [0x00000000d5580000, 0x00000000d5a00000, 0x0000000100000000)
  eden space 3072K, 100% used [0x00000000d5580000,0x00000000d5880000,0x00000000d5880000)
  from space 512K, 68% used [0x00000000d5980000,0x00000000d59d8000,0x00000000d5a00000)
  to   space 512K, 0% used [0x00000000d5880000,0x00000000d5880000,0x00000000d5900000)
 ParOldGen       total 502272K, used 500490K [0x0000000080000000, 0x000000009ea80000, 0x00000000d5580000)
  object space 502272K, 99% used [0x0000000080000000,0x000000009e8c2bf8,0x000000009ea80000)
 Metaspace       used 71237K, committed 72832K, reserved 1114112K
  class space    used 7164K, committed 7872K, reserved 1048576K
}
Event: 768.410 GC heap after
{Heap after GC invocations=599 (full 4):
 PSYoungGen      total 3584K, used 416K [0x00000000d5580000, 0x00000000d5a00000, 0x0000000100000000)
  eden space 3072K, 0% used [0x00000000d5580000,0x00000000d5580000,0x00000000d5880000)
  from space 512K, 81% used [0x00000000d5880000,0x00000000d58e8000,0x00000000d5900000)
  to   space 512K, 0% used [0x00000000d5980000,0x00000000d5980000,0x00000000d5a00000)
 ParOldGen       total 502272K, used 500706K [0x0000000080000000, 0x000000009ea80000, 0x00000000d5580000)
  object space 502272K, 99% used [0x0000000080000000,0x000000009e8f8bf8,0x000000009ea80000)
 Metaspace       used 71237K, committed 72832K, reserved 1114112K
  class space    used 7164K, committed 7872K, reserved 1048576K
}
Event: 768.429 GC heap before
{Heap before GC invocations=600 (full 4):
 PSYoungGen      total 3584K, used 3488K [0x00000000d5580000, 0x00000000d5a00000, 0x0000000100000000)
  eden space 3072K, 100% used [0x00000000d5580000,0x00000000d5880000,0x00000000d5880000)
  from space 512K, 81% used [0x00000000d5880000,0x00000000d58e8000,0x00000000d5900000)
  to   space 512K, 0% used [0x00000000d5980000,0x00000000d5980000,0x00000000d5a00000)
 ParOldGen       total 502272K, used 500706K [0x0000000080000000, 0x000000009ea80000, 0x00000000d5580000)
  object space 502272K, 99% used [0x0000000080000000,0x000000009e8f8bf8,0x000000009ea80000)
 Metaspace       used 71241K, committed 72832K, reserved 1114112K
  class space    used 7164K, committed 7872K, reserved 1048576K
}
Event: 768.431 GC heap after
{Heap after GC invocations=600 (full 4):
 PSYoungGen      total 3584K, used 288K [0x00000000d5580000, 0x00000000d5a00000, 0x0000000100000000)
  eden space 3072K, 0% used [0x00000000d5580000,0x00000000d5580000,0x00000000d5880000)
  from space 512K, 56% used [0x00000000d5980000,0x00000000d59c8020,0x00000000d5a00000)
  to   space 512K, 0% used [0x00000000d5880000,0x00000000d5880000,0x00000000d5900000)
 ParOldGen       total 502272K, used 500978K [0x0000000080000000, 0x000000009ea80000, 0x00000000d5580000)
  object space 502272K, 99% used [0x0000000080000000,0x000000009e93cbf8,0x000000009ea80000)
 Metaspace       used 71241K, committed 72832K, reserved 1114112K
  class space    used 7164K, committed 7872K, reserved 1048576K
}
Event: 768.460 GC heap before
{Heap before GC invocations=601 (full 4):
 PSYoungGen      total 3584K, used 3360K [0x00000000d5580000, 0x00000000d5a00000, 0x0000000100000000)
  eden space 3072K, 100% used [0x00000000d5580000,0x00000000d5880000,0x00000000d5880000)
  from space 512K, 56% used [0x00000000d5980000,0x00000000d59c8020,0x00000000d5a00000)
  to   space 512K, 0% used [0x00000000d5880000,0x00000000d5880000,0x00000000d5900000)
 ParOldGen       total 502272K, used 500978K [0x0000000080000000, 0x000000009ea80000, 0x00000000d5580000)
  object space 502272K, 99% used [0x0000000080000000,0x000000009e93cbf8,0x000000009ea80000)
 Metaspace       used 71241K, committed 72832K, reserved 1114112K
  class space    used 7164K, committed 7872K, reserved 1048576K
}
Event: 768.462 GC heap after
{Heap after GC invocations=601 (full 4):
 PSYoungGen      total 3584K, used 448K [0x00000000d5580000, 0x00000000d5a00000, 0x0000000100000000)
  eden space 3072K, 0% used [0x00000000d5580000,0x00000000d5580000,0x00000000d5880000)
  from space 512K, 87% used [0x00000000d5880000,0x00000000d58f0020,0x00000000d5900000)
  to   space 512K, 0% used [0x00000000d5980000,0x00000000d5980000,0x00000000d5a00000)
 ParOldGen       total 502272K, used 501154K [0x0000000080000000, 0x000000009ea80000, 0x00000000d5580000)
  object space 502272K, 99% used [0x0000000080000000,0x000000009e968bf8,0x000000009ea80000)
 Metaspace       used 71241K, committed 72832K, reserved 1114112K
  class space    used 7164K, committed 7872K, reserved 1048576K
}
Event: 768.485 GC heap before
{Heap before GC invocations=602 (full 4):
 PSYoungGen      total 3584K, used 3520K [0x00000000d5580000, 0x00000000d5a00000, 0x0000000100000000)
  eden space 3072K, 100% used [0x00000000d5580000,0x00000000d5880000,0x00000000d5880000)
  from space 512K, 87% used [0x00000000d5880000,0x00000000d58f0020,0x00000000d5900000)
  to   space 512K, 0% used [0x00000000d5980000,0x00000000d5980000,0x00000000d5a00000)
 ParOldGen       total 502272K, used 501154K [0x0000000080000000, 0x000000009ea80000, 0x00000000d5580000)
  object space 502272K, 99% used [0x0000000080000000,0x000000009e968bf8,0x000000009ea80000)
 Metaspace       used 71242K, committed 72832K, reserved 1114112K
  class space    used 7164K, committed 7872K, reserved 1048576K
}
Event: 768.488 GC heap after
{Heap after GC invocations=602 (full 4):
 PSYoungGen      total 3584K, used 458K [0x00000000d5580000, 0x00000000d5a00000, 0x0000000100000000)
  eden space 3072K, 0% used [0x00000000d5580000,0x00000000d5580000,0x00000000d5880000)
  from space 512K, 89% used [0x00000000d5980000,0x00000000d59f2930,0x00000000d5a00000)
  to   space 512K, 0% used [0x00000000d5880000,0x00000000d5880000,0x00000000d5900000)
 ParOldGen       total 502272K, used 501431K [0x0000000080000000, 0x000000009ea80000, 0x00000000d5580000)
  object space 502272K, 99% used [0x0000000080000000,0x000000009e9adc28,0x000000009ea80000)
 Metaspace       used 71242K, committed 72832K, reserved 1114112K
  class space    used 7164K, committed 7872K, reserved 1048576K
}
Event: 768.523 GC heap before
{Heap before GC invocations=603 (full 4):
 PSYoungGen      total 3584K, used 3530K [0x00000000d5580000, 0x00000000d5a00000, 0x0000000100000000)
  eden space 3072K, 100% used [0x00000000d5580000,0x00000000d5880000,0x00000000d5880000)
  from space 512K, 89% used [0x00000000d5980000,0x00000000d59f2930,0x00000000d5a00000)
  to   space 512K, 0% used [0x00000000d5880000,0x00000000d5880000,0x00000000d5900000)
 ParOldGen       total 502272K, used 501431K [0x0000000080000000, 0x000000009ea80000, 0x00000000d5580000)
  object space 502272K, 99% used [0x0000000080000000,0x000000009e9adc28,0x000000009ea80000)
 Metaspace       used 71243K, committed 72832K, reserved 1114112K
  class space    used 7164K, committed 7872K, reserved 1048576K
}
Event: 768.526 GC heap after
{Heap after GC invocations=603 (full 4):
 PSYoungGen      total 3584K, used 512K [0x00000000d5580000, 0x00000000d5a00000, 0x0000000100000000)
  eden space 3072K, 0% used [0x00000000d5580000,0x00000000d5580000,0x00000000d5880000)
  from space 512K, 100% used [0x00000000d5880000,0x00000000d5900000,0x00000000d5900000)
  to   space 512K, 0% used [0x00000000d5980000,0x00000000d5980000,0x00000000d5a00000)
 ParOldGen       total 502272K, used 501793K [0x0000000080000000, 0x000000009ea80000, 0x00000000d5580000)
  object space 502272K, 99% used [0x0000000080000000,0x000000009ea086c0,0x000000009ea80000)
 Metaspace       used 71243K, committed 72832K, reserved 1114112K
  class space    used 7164K, committed 7872K, reserved 1048576K
}
Event: 768.548 GC heap before
{Heap before GC invocations=604 (full 4):
 PSYoungGen      total 3584K, used 3584K [0x00000000d5580000, 0x00000000d5a00000, 0x0000000100000000)
  eden space 3072K, 100% used [0x00000000d5580000,0x00000000d5880000,0x00000000d5880000)
  from space 512K, 100% used [0x00000000d5880000,0x00000000d5900000,0x00000000d5900000)
  to   space 512K, 0% used [0x00000000d5980000,0x00000000d5980000,0x00000000d5a00000)
 ParOldGen       total 502272K, used 501793K [0x0000000080000000, 0x000000009ea80000, 0x00000000d5580000)
  object space 502272K, 99% used [0x0000000080000000,0x000000009ea086c0,0x000000009ea80000)
 Metaspace       used 71245K, committed 72832K, reserved 1114112K
  class space    used 7164K, committed 7872K, reserved 1048576K
}

