# JRE version: OpenJDK Runtime Environment Temurin-21.0.8+9 (21.0.8+9) (build 21.0.8+9-LTS)
# Java VM: OpenJDK 64-Bit Server VM Temurin-21.0.8+9 (21.0.8+9-LTS, mixed mode, sharing, tiered, compressed oops, compressed class ptrs, parallel gc, windows-amd64)
GC Precious Log:
 CardTable entry size: 512
 CPUs: 8 total, 8 available
 Memory: 8073M
 Large Page Support: Disabled
 NUMA Support: Disabled
 Compressed Oops: Enabled (32-bit)
 Alignments: Space 512K, Generation 512K, Heap 2M
 Heap Min Capacity: 100M
 Heap Initial Capacity: 100M
 Heap Max Capacity: 2G
 Pre-touch: Disabled
 Parallel Workers: 8
Heap:
 PSYoungGen      total 5632K, used 605K [0x00000000d5580000, 0x00000000d5c00000, 0x0000000100000000)
  eden space 4608K, 3% used [0x00000000d5580000,0x00000000d55a7498,0x00000000d5a00000)
  from space 1024K, 43% used [0x00000000d5a00000,0x00000000d5a70000,0x00000000d5b00000)
  to   space 1024K, 0% used [0x00000000d5b00000,0x00000000d5b00000,0x00000000d5c00000)
 ParOldGen       total 365568K, used 148564K [0x0000000080000000, 0x0000000096500000, 0x00000000d5580000)
  object space 365568K, 40% used [0x0000000080000000,0x00000000891152a0,0x0000000096500000)
 Metaspace       used 76546K, committed 78336K, reserved 1179648K
  class space    used 7720K, committed 8512K, reserved 1048576K
GC Heap History (20 events):
Event: 348.964 GC heap before
{Heap before GC invocations=279 (full 4):
 PSYoungGen      total 7168K, used 7130K [0x00000000d5580000, 0x00000000d5f00000, 0x0000000100000000)
  eden space 6144K, 100% used [0x00000000d5580000,0x00000000d5b80000,0x00000000d5b80000)
  from space 1024K, 96% used [0x00000000d5d00000,0x00000000d5df6920,0x00000000d5e00000)
  to   space 1536K, 0% used [0x00000000d5b80000,0x00000000d5b80000,0x00000000d5d00000)
 ParOldGen       total 365568K, used 142399K [0x0000000080000000, 0x0000000096500000, 0x00000000d5580000)
  object space 365568K, 38% used [0x0000000080000000,0x0000000088b0fd68,0x0000000096500000)
 Metaspace       used 76341K, committed 78144K, reserved 1179648K
  class space    used 7715K, committed 8512K, reserved 1048576K
}
Event: 348.973 GC heap after
{Heap after GC invocations=279 (full 4):
 PSYoungGen      total 6656K, used 384K [0x00000000d5580000, 0x00000000d5d80000, 0x0000000100000000)
  eden space 6144K, 0% used [0x00000000d5580000,0x00000000d5580000,0x00000000d5b80000)
  from space 512K, 75% used [0x00000000d5b80000,0x00000000d5be0000,0x00000000d5c00000)
  to   space 1024K, 0% used [0x00000000d5c80000,0x00000000d5c80000,0x00000000d5d80000)
 ParOldGen       total 365568K, used 143267K [0x0000000080000000, 0x0000000096500000, 0x00000000d5580000)
  object space 365568K, 39% used [0x0000000080000000,0x0000000088be8e30,0x0000000096500000)
 Metaspace       used 76341K, committed 78144K, reserved 1179648K
  class space    used 7715K, committed 8512K, reserved 1048576K
}
Event: 349.420 GC heap before
{Heap before GC invocations=280 (full 4):
 PSYoungGen      total 6656K, used 6528K [0x00000000d5580000, 0x00000000d5d80000, 0x0000000100000000)
  eden space 6144K, 100% used [0x00000000d5580000,0x00000000d5b80000,0x00000000d5b80000)
  from space 512K, 75% used [0x00000000d5b80000,0x00000000d5be0000,0x00000000d5c00000)
  to   space 1024K, 0% used [0x00000000d5c80000,0x00000000d5c80000,0x00000000d5d80000)
 ParOldGen       total 365568K, used 143267K [0x0000000080000000, 0x0000000096500000, 0x00000000d5580000)
  object space 365568K, 39% used [0x0000000080000000,0x0000000088be8e30,0x0000000096500000)
 Metaspace       used 76412K, committed 78208K, reserved 1179648K
  class space    used 7720K, committed 8512K, reserved 1048576K
}
Event: 349.424 GC heap after
{Heap after GC invocations=280 (full 4):
 PSYoungGen      total 6656K, used 996K [0x00000000d5580000, 0x00000000d5e80000, 0x0000000100000000)
  eden space 5632K, 0% used [0x00000000d5580000,0x00000000d5580000,0x00000000d5b00000)
  from space 1024K, 97% used [0x00000000d5c80000,0x00000000d5d79210,0x00000000d5d80000)
  to   space 1536K, 0% used [0x00000000d5b00000,0x00000000d5b00000,0x00000000d5c80000)
 ParOldGen       total 365568K, used 143571K [0x0000000080000000, 0x0000000096500000, 0x00000000d5580000)
  object space 365568K, 39% used [0x0000000080000000,0x0000000088c34e50,0x0000000096500000)
 Metaspace       used 76412K, committed 78208K, reserved 1179648K
  class space    used 7720K, committed 8512K, reserved 1048576K
}
Event: 349.513 GC heap before
{Heap before GC invocations=281 (full 4):
 PSYoungGen      total 6656K, used 6628K [0x00000000d5580000, 0x00000000d5e80000, 0x0000000100000000)
  eden space 5632K, 100% used [0x00000000d5580000,0x00000000d5b00000,0x00000000d5b00000)
  from space 1024K, 97% used [0x00000000d5c80000,0x00000000d5d79210,0x00000000d5d80000)
  to   space 1536K, 0% used [0x00000000d5b00000,0x00000000d5b00000,0x00000000d5c80000)
 ParOldGen       total 365568K, used 143571K [0x0000000080000000, 0x0000000096500000, 0x00000000d5580000)
  object space 365568K, 39% used [0x0000000080000000,0x0000000088c34e50,0x0000000096500000)
 Metaspace       used 76415K, committed 78208K, reserved 1179648K
  class space    used 7720K, committed 8512K, reserved 1048576K
}
Event: 349.520 GC heap after
{Heap after GC invocations=281 (full 4):
 PSYoungGen      total 6144K, used 480K [0x00000000d5580000, 0x00000000d5d00000, 0x0000000100000000)
  eden space 5632K, 0% used [0x00000000d5580000,0x00000000d5580000,0x00000000d5b00000)
  from space 512K, 93% used [0x00000000d5b00000,0x00000000d5b78000,0x00000000d5b80000)
  to   space 1024K, 0% used [0x00000000d5c00000,0x00000000d5c00000,0x00000000d5d00000)
 ParOldGen       total 365568K, used 144577K [0x0000000080000000, 0x0000000096500000, 0x00000000d5580000)
  object space 365568K, 39% used [0x0000000080000000,0x0000000088d306d0,0x0000000096500000)
 Metaspace       used 76415K, committed 78208K, reserved 1179648K
  class space    used 7720K, committed 8512K, reserved 1048576K
}
Event: 349.712 GC heap before
{Heap before GC invocations=282 (full 4):
 PSYoungGen      total 6144K, used 6112K [0x00000000d5580000, 0x00000000d5d00000, 0x0000000100000000)
  eden space 5632K, 100% used [0x00000000d5580000,0x00000000d5b00000,0x00000000d5b00000)
  from space 512K, 93% used [0x00000000d5b00000,0x00000000d5b78000,0x00000000d5b80000)
  to   space 1024K, 0% used [0x00000000d5c00000,0x00000000d5c00000,0x00000000d5d00000)
 ParOldGen       total 365568K, used 144577K [0x0000000080000000, 0x0000000096500000, 0x00000000d5580000)
  object space 365568K, 39% used [0x0000000080000000,0x0000000088d306d0,0x0000000096500000)
 Metaspace       used 76462K, committed 78272K, reserved 1179648K
  class space    used 7720K, committed 8512K, reserved 1048576K
}
Event: 349.715 GC heap after
{Heap after GC invocations=282 (full 4):
 PSYoungGen      total 6144K, used 944K [0x00000000d5580000, 0x00000000d5e00000, 0x0000000100000000)
  eden space 5120K, 0% used [0x00000000d5580000,0x00000000d5580000,0x00000000d5a80000)
  from space 1024K, 92% used [0x00000000d5c00000,0x00000000d5cec030,0x00000000d5d00000)
  to   space 1536K, 0% used [0x00000000d5a80000,0x00000000d5a80000,0x00000000d5c00000)
 ParOldGen       total 365568K, used 144913K [0x0000000080000000, 0x0000000096500000, 0x00000000d5580000)
  object space 365568K, 39% used [0x0000000080000000,0x0000000088d846f0,0x0000000096500000)
 Metaspace       used 76462K, committed 78272K, reserved 1179648K
  class space    used 7720K, committed 8512K, reserved 1048576K
}
Event: 349.743 GC heap before
{Heap before GC invocations=283 (full 4):
 PSYoungGen      total 6144K, used 6064K [0x00000000d5580000, 0x00000000d5e00000, 0x0000000100000000)
  eden space 5120K, 100% used [0x00000000d5580000,0x00000000d5a80000,0x00000000d5a80000)
  from space 1024K, 92% used [0x00000000d5c00000,0x00000000d5cec030,0x00000000d5d00000)
  to   space 1536K, 0% used [0x00000000d5a80000,0x00000000d5a80000,0x00000000d5c00000)
 ParOldGen       total 365568K, used 144913K [0x0000000080000000, 0x0000000096500000, 0x00000000d5580000)
  object space 365568K, 39% used [0x0000000080000000,0x0000000088d846f0,0x0000000096500000)
 Metaspace       used 76464K, committed 78272K, reserved 1179648K
  class space    used 7720K, committed 8512K, reserved 1048576K
}
Event: 349.748 GC heap after
{Heap after GC invocations=283 (full 4):
 PSYoungGen      total 6144K, used 722K [0x00000000d5580000, 0x00000000d5c80000, 0x0000000100000000)
  eden space 5120K, 0% used [0x00000000d5580000,0x00000000d5580000,0x00000000d5a80000)
  from space 1024K, 70% used [0x00000000d5a80000,0x00000000d5b34820,0x00000000d5b80000)
  to   space 1024K, 0% used [0x00000000d5b80000,0x00000000d5b80000,0x00000000d5c80000)
 ParOldGen       total 365568K, used 145703K [0x0000000080000000, 0x0000000096500000, 0x00000000d5580000)
  object space 365568K, 39% used [0x0000000080000000,0x0000000088e49db8,0x0000000096500000)
 Metaspace       used 76464K, committed 78272K, reserved 1179648K
  class space    used 7720K, committed 8512K, reserved 1048576K
}
Event: 349.858 GC heap before
{Heap before GC invocations=284 (full 4):
 PSYoungGen      total 6144K, used 5842K [0x00000000d5580000, 0x00000000d5c80000, 0x0000000100000000)
  eden space 5120K, 100% used [0x00000000d5580000,0x00000000d5a80000,0x00000000d5a80000)
  from space 1024K, 70% used [0x00000000d5a80000,0x00000000d5b34820,0x00000000d5b80000)
  to   space 1024K, 0% used [0x00000000d5b80000,0x00000000d5b80000,0x00000000d5c80000)
 ParOldGen       total 365568K, used 145703K [0x0000000080000000, 0x0000000096500000, 0x00000000d5580000)
  object space 365568K, 39% used [0x0000000080000000,0x0000000088e49db8,0x0000000096500000)
 Metaspace       used 76466K, committed 78272K, reserved 1179648K
  class space    used 7720K, committed 8512K, reserved 1048576K
}
Event: 349.861 GC heap after
{Heap after GC invocations=284 (full 4):
 PSYoungGen      total 6144K, used 384K [0x00000000d5580000, 0x00000000d5c80000, 0x0000000100000000)
  eden space 5120K, 0% used [0x00000000d5580000,0x00000000d5580000,0x00000000d5a80000)
  from space 1024K, 37% used [0x00000000d5b80000,0x00000000d5be0000,0x00000000d5c80000)
  to   space 1024K, 0% used [0x00000000d5a80000,0x00000000d5a80000,0x00000000d5b80000)
 ParOldGen       total 365568K, used 146333K [0x0000000080000000, 0x0000000096500000, 0x00000000d5580000)
  object space 365568K, 40% used [0x0000000080000000,0x0000000088ee7500,0x0000000096500000)
 Metaspace       used 76466K, committed 78272K, reserved 1179648K
  class space    used 7720K, committed 8512K, reserved 1048576K
}
Event: 349.878 GC heap before
{Heap before GC invocations=285 (full 4):
 PSYoungGen      total 6144K, used 5503K [0x00000000d5580000, 0x00000000d5c80000, 0x0000000100000000)
  eden space 5120K, 99% used [0x00000000d5580000,0x00000000d5a7fff0,0x00000000d5a80000)
  from space 1024K, 37% used [0x00000000d5b80000,0x00000000d5be0000,0x00000000d5c80000)
  to   space 1024K, 0% used [0x00000000d5a80000,0x00000000d5a80000,0x00000000d5b80000)
 ParOldGen       total 365568K, used 146333K [0x0000000080000000, 0x0000000096500000, 0x00000000d5580000)
  object space 365568K, 40% used [0x0000000080000000,0x0000000088ee7500,0x0000000096500000)
 Metaspace       used 76466K, committed 78272K, reserved 1179648K
  class space    used 7720K, committed 8512K, reserved 1048576K
}
Event: 349.882 GC heap after
{Heap after GC invocations=285 (full 4):
 PSYoungGen      total 6144K, used 448K [0x00000000d5580000, 0x00000000d5c00000, 0x0000000100000000)
  eden space 5120K, 0% used [0x00000000d5580000,0x00000000d5580000,0x00000000d5a80000)
  from space 1024K, 43% used [0x00000000d5a80000,0x00000000d5af0000,0x00000000d5b80000)
  to   space 512K, 0% used [0x00000000d5b80000,0x00000000d5b80000,0x00000000d5c00000)
 ParOldGen       total 365568K, used 146621K [0x0000000080000000, 0x0000000096500000, 0x00000000d5580000)
  object space 365568K, 40% used [0x0000000080000000,0x0000000088f2f520,0x0000000096500000)
 Metaspace       used 76466K, committed 78272K, reserved 1179648K
  class space    used 7720K, committed 8512K, reserved 1048576K
}
Event: 349.988 GC heap before
{Heap before GC invocations=286 (full 4):
 PSYoungGen      total 6144K, used 5568K [0x00000000d5580000, 0x00000000d5c00000, 0x0000000100000000)
  eden space 5120K, 100% used [0x00000000d5580000,0x00000000d5a80000,0x00000000d5a80000)
  from space 1024K, 43% used [0x00000000d5a80000,0x00000000d5af0000,0x00000000d5b80000)
  to   space 512K, 0% used [0x00000000d5b80000,0x00000000d5b80000,0x00000000d5c00000)
 ParOldGen       total 365568K, used 146621K [0x0000000080000000, 0x0000000096500000, 0x00000000d5580000)
  object space 365568K, 40% used [0x0000000080000000,0x0000000088f2f520,0x0000000096500000)
 Metaspace       used 76528K, committed 78336K, reserved 1179648K
  class space    used 7720K, committed 8512K, reserved 1048576K
}
Event: 349.993 GC heap after
{Heap after GC invocations=286 (full 4):
 PSYoungGen      total 5120K, used 512K [0x00000000d5580000, 0x00000000d5d80000, 0x0000000100000000)
  eden space 4608K, 0% used [0x00000000d5580000,0x00000000d5580000,0x00000000d5a00000)
  from space 512K, 100% used [0x00000000d5b80000,0x00000000d5c00000,0x00000000d5c00000)
  to   space 1536K, 0% used [0x00000000d5a00000,0x00000000d5a00000,0x00000000d5b80000)
 ParOldGen       total 365568K, used 147267K [0x0000000080000000, 0x0000000096500000, 0x00000000d5580000)
  object space 365568K, 40% used [0x0000000080000000,0x0000000088fd0ce0,0x0000000096500000)
 Metaspace       used 76528K, committed 78336K, reserved 1179648K
  class space    used 7720K, committed 8512K, reserved 1048576K
}
Event: 350.096 GC heap before
{Heap before GC invocations=287 (full 4):
 PSYoungGen      total 5120K, used 5120K [0x00000000d5580000, 0x00000000d5d80000, 0x0000000100000000)
  eden space 4608K, 100% used [0x00000000d5580000,0x00000000d5a00000,0x00000000d5a00000)
  from space 512K, 100% used [0x00000000d5b80000,0x00000000d5c00000,0x00000000d5c00000)
  to   space 1536K, 0% used [0x00000000d5a00000,0x00000000d5a00000,0x00000000d5b80000)
 ParOldGen       total 365568K, used 147267K [0x0000000080000000, 0x0000000096500000, 0x00000000d5580000)
  object space 365568K, 40% used [0x0000000080000000,0x0000000088fd0ce0,0x0000000096500000)
 Metaspace       used 76544K, committed 78336K, reserved 1179648K
  class space    used 7720K, committed 8512K, reserved 1048576K
}
Event: 350.108 GC heap after
{Heap after GC invocations=287 (full 4):
 PSYoungGen      total 5120K, used 352K [0x00000000d5580000, 0x00000000d5c00000, 0x0000000100000000)
  eden space 4608K, 0% used [0x00000000d5580000,0x00000000d5580000,0x00000000d5a00000)
  from space 512K, 68% used [0x00000000d5a00000,0x00000000d5a58000,0x00000000d5a80000)
  to   space 1024K, 0% used [0x00000000d5b00000,0x00000000d5b00000,0x00000000d5c00000)
 ParOldGen       total 365568K, used 147811K [0x0000000080000000, 0x0000000096500000, 0x00000000d5580000)
  object space 365568K, 40% used [0x0000000080000000,0x0000000089058cf0,0x0000000096500000)
 Metaspace       used 76544K, committed 78336K, reserved 1179648K
  class space    used 7720K, committed 8512K, reserved 1048576K
}
Event: 350.760 GC heap before
{Heap before GC invocations=288 (full 4):
 PSYoungGen      total 5120K, used 4960K [0x00000000d5580000, 0x00000000d5c00000, 0x0000000100000000)
  eden space 4608K, 100% used [0x00000000d5580000,0x00000000d5a00000,0x00000000d5a00000)
  from space 512K, 68% used [0x00000000d5a00000,0x00000000d5a58000,0x00000000d5a80000)
  to   space 1024K, 0% used [0x00000000d5b00000,0x00000000d5b00000,0x00000000d5c00000)
 ParOldGen       total 365568K, used 147811K [0x0000000080000000, 0x0000000096500000, 0x00000000d5580000)
  object space 365568K, 40% used [0x0000000080000000,0x0000000089058cf0,0x0000000096500000)
 Metaspace       used 76545K, committed 78336K, reserved 1179648K
  class space    used 7720K, committed 8512K, reserved 1048576K
}
Event: 350.766 GC heap after
{Heap after GC invocations=288 (full 4):
 PSYoungGen      total 5632K, used 633K [0x00000000d5580000, 0x00000000d5c00000, 0x0000000100000000)
  eden space 4608K, 0% used [0x00000000d5580000,0x00000000d5580000,0x00000000d5a00000)
  from space 1024K, 61% used [0x00000000d5b00000,0x00000000d5b9e410,0x00000000d5c00000)
  to   space 1024K, 0% used [0x00000000d5a00000,0x00000000d5a00000,0x00000000d5b00000)
 ParOldGen       total 365568K, used 148047K [0x0000000080000000, 0x0000000096500000, 0x00000000d5580000)
  object space 365568K, 40% used [0x0000000080000000,0x0000000089093f78,0x0000000096500000)
 Metaspace       used 76545K, committed 78336K, reserved 1179648K
  class space    used 7720K, committed 8512K, reserved 1048576K
}

